d:\projects\c++\basics-of-programming\project\debug\vc142.pdb
d:\projects\c++\basics-of-programming\project\debug\vc142.idb
d:\projects\c++\basics-of-programming\project\debug\1368.obj
d:\projects\c++\basics-of-programming\project\debug\1315.obj
d:\projects\c++\basics-of-programming\project\debug\2591.obj
d:\projects\c++\basics-of-programming\project\debug\normal.obj
d:\projects\c++\basics-of-programming\project\debug\main.obj
d:\projects\c++\basics-of-programming\project\debug\hard.obj
d:\projects\c++\basics-of-programming\project\debug\beginner.obj
d:\projects\c++\basics-of-programming\project\debug\5058.obj
d:\projects\c++\basics-of-programming\project\debug\4615.obj
d:\projects\c++\basics-of-programming\project\debug\2608.obj
d:\projects\c++\basics-of-programming\project\debug\2606.obj
d:\projects\c++\basics-of-programming\project\debug\2598.obj
d:\projects\c++\basics-of-programming\project\debug\2588.obj
d:\projects\c++\basics-of-programming\project\debug\2586.obj
d:\projects\c++\basics-of-programming\project\debug\2573.obj
d:\projects\c++\basics-of-programming\project\debug\2567.obj
d:\projects\c++\basics-of-programming\project\debug\1510.obj
d:\projects\c++\basics-of-programming\project\debug\1395.obj
d:\projects\c++\basics-of-programming\project\debug\1431.obj
c:\users\игорь сухачёв\documents\github\basics-of-programming\project\debug\vc142.pdb
c:\users\игорь сухачёв\documents\github\basics-of-programming\project\debug\vc142.idb
c:\users\игорь сухачёв\documents\github\basics-of-programming\project\debug\main.obj
c:\users\игорь сухачёв\documents\github\basics-of-programming\project\debug\hard.obj
c:\users\игорь сухачёв\documents\github\basics-of-programming\project\debug\beginner.obj
c:\users\игорь сухачёв\documents\github\basics-of-programming\project\debug\8313.obj
c:\users\игорь сухачёв\documents\github\basics-of-programming\project\debug\5067.obj
c:\users\игорь сухачёв\documents\github\basics-of-programming\project\debug\5058.obj
c:\users\игорь сухачёв\documents\github\basics-of-programming\project\debug\4615.obj
c:\users\игорь сухачёв\documents\github\basics-of-programming\project\debug\2608.obj
c:\users\игорь сухачёв\documents\github\basics-of-programming\project\debug\2606.obj
c:\users\игорь сухачёв\documents\github\basics-of-programming\project\debug\2598.obj
c:\users\игорь сухачёв\documents\github\basics-of-programming\project\debug\2588.obj
c:\users\игорь сухачёв\documents\github\basics-of-programming\project\debug\2586.obj
c:\users\игорь сухачёв\documents\github\basics-of-programming\project\debug\2573.obj
c:\users\игорь сухачёв\documents\github\basics-of-programming\project\debug\2567.obj
c:\users\игорь сухачёв\documents\github\basics-of-programming\project\debug\1514.obj
c:\users\игорь сухачёв\documents\github\basics-of-programming\project\debug\1510.obj
c:\users\игорь сухачёв\documents\github\basics-of-programming\project\debug\1506.obj
c:\users\игорь сухачёв\documents\github\basics-of-programming\project\debug\1431.obj
c:\users\игорь сухачёв\documents\github\basics-of-programming\project\debug\1395.obj
c:\users\игорь сухачёв\documents\github\basics-of-programming\project\debug\1355.obj
c:\users\игорь сухачёв\documents\github\basics-of-programming\project\debug\2591.obj
c:\users\игорь сухачёв\documents\github\basics-of-programming\project\debug\1315.obj
c:\users\игорь сухачёв\documents\github\basics-of-programming\project\debug\1368.obj
c:\users\игорь сухачёв\documents\github\basics-of-programming\project\debug\normal.obj
d:\projects\c++\basics-of-programming\debug\project.exe
d:\projects\c++\basics-of-programming\debug\project.ilk
d:\projects\c++\basics-of-programming\debug\project.pdb
c:\users\игорь сухачёв\documents\github\basics-of-programming\project\debug\5058_n.obj
c:\users\игорь сухачёв\documents\github\basics-of-programming\project\debug\5058_normal.obj
c:\users\игорь сухачёв\documents\github\basics-of-programming\project\debug\task1368.obj
c:\users\игорь сухачёв\documents\github\basics-of-programming\project\debug\task2591_b.obj
c:\users\игорь сухачёв\documents\github\basics-of-programming\debug\project.pdb
c:\users\игорь сухачёв\documents\github\basics-of-programming\project\debug\project.tlog\cl.command.1.tlog
c:\users\игорь сухачёв\documents\github\basics-of-programming\project\debug\project.tlog\cl.read.1.tlog
c:\users\игорь сухачёв\documents\github\basics-of-programming\project\debug\project.tlog\cl.write.1.tlog
c:\users\игорь сухачёв\documents\github\basics-of-programming\project\debug\project.tlog\link-cvtres.read.1.tlog
c:\users\игорь сухачёв\documents\github\basics-of-programming\project\debug\project.tlog\link-cvtres.write.1.tlog
c:\users\игорь сухачёв\documents\github\basics-of-programming\project\debug\project.tlog\link-rc.read.1.tlog
c:\users\игорь сухачёв\documents\github\basics-of-programming\project\debug\project.tlog\link-rc.write.1.tlog
c:\users\игорь сухачёв\documents\github\basics-of-programming\project\debug\project.tlog\link.command.1.tlog
c:\users\игорь сухачёв\documents\github\basics-of-programming\project\debug\project.tlog\link.read.1.tlog
c:\users\игорь сухачёв\documents\github\basics-of-programming\project\debug\project.tlog\link.write.1.tlog
